<?xml version="1.0" encoding="UTF-8"?>
<!-- Generated by org.testng.reporters.JUnitXMLReporter -->
<testsuite ignored="1" hostname="SaiRamani" failures="0" tests="3" name="chromeTest" time="1.072" errors="0" timestamp="2024-05-14T11:03:08 IST">
  <testcase classname="TestCaseExecution.BaseClass" name="@BeforeSuite setUp" time="-1.715664787369E9">
    <failure type="org.testng.TestNGException" message="
Parameter &amp;apos;browser&amp;apos; is required by BeforeSuite on method setUp but has not been marked @Optional or defined
in C:\Users\saira\eclipse-workspace\23April\testng.xml">
      <![CDATA[org.testng.TestNGException: 
Parameter 'browser' is required by BeforeSuite on method setUp but has not been marked @Optional or defined
in C:\Users\saira\eclipse-workspace\23April\testng.xml
... Removed 16 stack frames]]>
    </failure>
  </testcase> <!-- @BeforeSuite setUp -->
  <testcase classname="TestCaseExecution.Tc_Login_1" name="@BeforeClass setUp" time="-1.71566478827E9">
    <skipped/>
  </testcase> <!-- @BeforeClass setUp -->
  <testcase classname="TestCaseExecution.Tc_Login_1" name="@AfterClass close" time="-1.715664788445E9">
    <skipped/>
  </testcase> <!-- @AfterClass close -->
  <testcase classname="TestCaseExecution.Tc_Login_1" name="launch" time="0.0">
    <skipped/>
  </testcase> <!-- launch -->
  <testcase classname="TestCaseExecution.Tc_Login_1" name="login" time="0.0">
    <skipped/>
  </testcase> <!-- login -->
  <testcase classname="TestCaseExecution.Tc_SelectProduct_2" name="selectProduct" time="0.0">
    <skipped/>
  </testcase> <!-- selectProduct -->
  <testcase classname="TestCaseExecution.BaseClass" name="@BeforeSuite setUp" time="0.0">
    <ignored/>
  </testcase> <!-- @BeforeSuite setUp -->
</testsuite> <!-- chromeTest -->
